<?xml version="1.0" encoding="UTF-8"?>
<!-- Generated by org.testng.reporters.JUnitXMLReporter -->
<testsuite hostname="LAPTOP-UN92J48R" name="Test" tests="1" failures="1" timestamp="12 Jun 2018 16:32:39 GMT" time="290.488" errors="0">
  <testcase name="customersAdd" time="275.855" classname="com.selenium.UtilityFiles.AddCustomerGroups">
    <failure type="java.lang.NullPointerException">
      <![CDATA[java.lang.NullPointerException
	at com.selenium.UtilityFiles.AddCustomerGroups.customersAdd(AddCustomerGroups.java:68)
... Removed 24 stack frames]]>
    </failure>
  </testcase> <!-- customersAdd -->
</testsuite> <!-- Test -->
